{"numFailedTestSuites":1,"numFailedTests":1,"numPassedTestSuites":1,"numPassedTests":22,"numPendingTestSuites":0,"numPendingTests":0,"numRuntimeErrorTestSuites":0,"numTodoTests":0,"numTotalTestSuites":2,"numTotalTests":23,"openHandles":[],"snapshot":{"added":0,"didUpdate":false,"failure":false,"filesAdded":0,"filesRemoved":0,"filesRemovedList":[],"filesUnmatched":0,"filesUpdated":0,"matched":0,"total":0,"unchecked":0,"uncheckedKeysByFile":[],"unmatched":0,"updated":0},"startTime":1777974303633,"success":false,"testResults":[{"assertionResults":[{"ancestorTitles":["Shop staff permissions"],"duration":6336,"failureDetails":[{"matcherResult":{"actual":201,"expected":403,"message":"\u001b[2mexpect(\u001b[22m\u001b[31mreceived\u001b[39m\u001b[2m).\u001b[22mtoBe\u001b[2m(\u001b[22m\u001b[32mexpected\u001b[39m\u001b[2m) // Object.is equality\u001b[22m\n\nExpected: \u001b[32m403\u001b[39m\nReceived: \u001b[31m201\u001b[39m","name":"toBe","pass":false}}],"failureMessages":["Error: \u001b[2mexpect(\u001b[22m\u001b[31mreceived\u001b[39m\u001b[2m).\u001b[22mtoBe\u001b[2m(\u001b[22m\u001b[32mexpected\u001b[39m\u001b[2m) // Object.is equality\u001b[22m\n\nExpected: \u001b[32m403\u001b[39m\nReceived: \u001b[31m201\u001b[39m\n    at Object.<anonymous> (D:\\SRC_Code\\Projects\\EXE_AnhDecor\\ProductExchange_Backend\\ProductExchange_Backend\\tests\\shop-permissions.test.js:80:40)\n    at processTicksAndRejections (node:internal/process/task_queues:103:5)"],"fullName":"Shop staff permissions should let owner tick permissions for staff and staff create a product in the shop","invocations":1,"location":null,"numPassingAsserts":2,"retryReasons":[],"status":"failed","title":"should let owner tick permissions for staff and staff create a product in the shop"}],"endTime":1777974312232,"message":"\u001b[1m\u001b[31m  \u001b[1m● \u001b[22m\u001b[1mShop staff permissions › should let owner tick permissions for staff and staff create a product in the shop\u001b[39m\u001b[22m\n\n    \u001b[2mexpect(\u001b[22m\u001b[31mreceived\u001b[39m\u001b[2m).\u001b[22mtoBe\u001b[2m(\u001b[22m\u001b[32mexpected\u001b[39m\u001b[2m) // Object.is equality\u001b[22m\n\n    Expected: \u001b[32m403\u001b[39m\n    Received: \u001b[31m201\u001b[39m\n\u001b[2m\u001b[22m\n\u001b[2m    \u001b[0m \u001b[90m 78 |\u001b[39m       })\u001b[33m;\u001b[39m\u001b[22m\n\u001b[2m     \u001b[90m 79 |\u001b[39m\u001b[22m\n\u001b[2m    \u001b[31m\u001b[1m>\u001b[22m\u001b[2m\u001b[39m\u001b[90m 80 |\u001b[39m     expect(beforeAssignRes\u001b[33m.\u001b[39mstatusCode)\u001b[33m.\u001b[39mtoBe(\u001b[35m403\u001b[39m)\u001b[33m;\u001b[39m\u001b[22m\n\u001b[2m     \u001b[90m    |\u001b[39m                                        \u001b[31m\u001b[1m^\u001b[22m\u001b[2m\u001b[39m\u001b[22m\n\u001b[2m     \u001b[90m 81 |\u001b[39m     expect(beforeAssignRes\u001b[33m.\u001b[39mbody\u001b[33m.\u001b[39msuccess)\u001b[33m.\u001b[39mtoBe(\u001b[36mfalse\u001b[39m)\u001b[33m;\u001b[39m\u001b[22m\n\u001b[2m     \u001b[90m 82 |\u001b[39m\u001b[22m\n\u001b[2m     \u001b[90m 83 |\u001b[39m     \u001b[36mconst\u001b[39m updatePermRes \u001b[33m=\u001b[39m \u001b[36mawait\u001b[39m request(app)\u001b[0m\u001b[22m\n\u001b[2m\u001b[22m\n\u001b[2m      \u001b[2mat Object.<anonymous> (\u001b[22m\u001b[2m\u001b[0m\u001b[36mtests/shop-permissions.test.js\u001b[39m\u001b[0m\u001b[2m:80:40)\u001b[22m\u001b[2m\u001b[22m\n","name":"D:\\SRC_Code\\Projects\\EXE_AnhDecor\\ProductExchange_Backend\\ProductExchange_Backend\\tests\\shop-permissions.test.js","startTime":1777974303718,"status":"failed","summary":""},{"assertionResults":[{"ancestorTitles":["Auth API","POST /api/v1/auth/register"],"duration":3288,"failureDetails":[],"failureMessages":[],"fullName":"Auth API POST /api/v1/auth/register should register a new user","invocations":1,"location":null,"numPassingAsserts":4,"retryReasons":[],"status":"passed","title":"should register a new user"},{"ancestorTitles":["Auth API","POST /api/v1/auth/register"],"duration":713,"failureDetails":[],"failureMessages":[],"fullName":"Auth API POST /api/v1/auth/register should fail if email already exists","invocations":1,"location":null,"numPassingAsserts":2,"retryReasons":[],"status":"passed","title":"should fail if email already exists"},{"ancestorTitles":["Auth API","POST /api/v1/auth/register"],"duration":88,"failureDetails":[],"failureMessages":[],"fullName":"Auth API POST /api/v1/auth/register should fail if password does not match","invocations":1,"location":null,"numPassingAsserts":2,"retryReasons":[],"status":"passed","title":"should fail if password does not match"},{"ancestorTitles":["Auth API","POST /api/v1/auth/login"],"duration":1259,"failureDetails":[],"failureMessages":[],"fullName":"Auth API POST /api/v1/auth/login should login successfully","invocations":1,"location":null,"numPassingAsserts":5,"retryReasons":[],"status":"passed","title":"should login successfully"},{"ancestorTitles":["Auth API","POST /api/v1/auth/login"],"duration":957,"failureDetails":[],"failureMessages":[],"fullName":"Auth API POST /api/v1/auth/login should fail with invalid email","invocations":1,"location":null,"numPassingAsserts":2,"retryReasons":[],"status":"passed","title":"should fail with invalid email"},{"ancestorTitles":["Auth API","POST /api/v1/auth/login"],"duration":1265,"failureDetails":[],"failureMessages":[],"fullName":"Auth API POST /api/v1/auth/login should fail with invalid password","invocations":1,"location":null,"numPassingAsserts":2,"retryReasons":[],"status":"passed","title":"should fail with invalid password"},{"ancestorTitles":["Auth API","GET /api/v1/auth/me"],"duration":1966,"failureDetails":[],"failureMessages":[],"fullName":"Auth API GET /api/v1/auth/me should get current user profile","invocations":1,"location":null,"numPassingAsserts":4,"retryReasons":[],"status":"passed","title":"should get current user profile"},{"ancestorTitles":["Auth API","GET /api/v1/auth/me"],"duration":1438,"failureDetails":[],"failureMessages":[],"fullName":"Auth API GET /api/v1/auth/me should fail without token","invocations":1,"location":null,"numPassingAsserts":2,"retryReasons":[],"status":"passed","title":"should fail without token"},{"ancestorTitles":["Auth API","GET /api/v1/auth/me"],"duration":1459,"failureDetails":[],"failureMessages":[],"fullName":"Auth API GET /api/v1/auth/me should fail with invalid token","invocations":1,"location":null,"numPassingAsserts":2,"retryReasons":[],"status":"passed","title":"should fail with invalid token"},{"ancestorTitles":["Auth API","POST /api/v1/auth/logout"],"duration":1915,"failureDetails":[],"failureMessages":[],"fullName":"Auth API POST /api/v1/auth/logout should logout successfully","invocations":1,"location":null,"numPassingAsserts":2,"retryReasons":[],"status":"passed","title":"should logout successfully"},{"ancestorTitles":["Auth API","PUT /api/v1/auth/profile"],"duration":2184,"failureDetails":[],"failureMessages":[],"fullName":"Auth API PUT /api/v1/auth/profile should update user profile","invocations":1,"location":null,"numPassingAsserts":4,"retryReasons":[],"status":"passed","title":"should update user profile"},{"ancestorTitles":["Auth API","PUT /api/v1/auth/profile"],"duration":1484,"failureDetails":[],"failureMessages":[],"fullName":"Auth API PUT /api/v1/auth/profile should fail without authentication","invocations":1,"location":null,"numPassingAsserts":2,"retryReasons":[],"status":"passed","title":"should fail without authentication"},{"ancestorTitles":["Auth API","PUT /api/v1/auth/profile"],"duration":1983,"failureDetails":[],"failureMessages":[],"fullName":"Auth API PUT /api/v1/auth/profile should fail with empty update data","invocations":1,"location":null,"numPassingAsserts":2,"retryReasons":[],"status":"passed","title":"should fail with empty update data"},{"ancestorTitles":["Auth API","POST /api/v1/auth/change-password"],"duration":3475,"failureDetails":[],"failureMessages":[],"fullName":"Auth API POST /api/v1/auth/change-password should change password successfully","invocations":1,"location":null,"numPassingAsserts":4,"retryReasons":[],"status":"passed","title":"should change password successfully"},{"ancestorTitles":["Auth API","POST /api/v1/auth/change-password"],"duration":2425,"failureDetails":[],"failureMessages":[],"fullName":"Auth API POST /api/v1/auth/change-password should fail with wrong current password","invocations":1,"location":null,"numPassingAsserts":2,"retryReasons":[],"status":"passed","title":"should fail with wrong current password"},{"ancestorTitles":["Auth API","POST /api/v1/auth/change-password"],"duration":1760,"failureDetails":[],"failureMessages":[],"fullName":"Auth API POST /api/v1/auth/change-password should fail if new passwords do not match","invocations":1,"location":null,"numPassingAsserts":2,"retryReasons":[],"status":"passed","title":"should fail if new passwords do not match"},{"ancestorTitles":["Auth API","POST /api/v1/auth/forgot-password"],"duration":1154,"failureDetails":[],"failureMessages":[],"fullName":"Auth API POST /api/v1/auth/forgot-password should issue reset password token for existing email","invocations":1,"location":null,"numPassingAsserts":4,"retryReasons":[],"status":"passed","title":"should issue reset password token for existing email"},{"ancestorTitles":["Auth API","POST /api/v1/auth/forgot-password"],"duration":865,"failureDetails":[],"failureMessages":[],"fullName":"Auth API POST /api/v1/auth/forgot-password should return success even when email does not exist","invocations":1,"location":null,"numPassingAsserts":2,"retryReasons":[],"status":"passed","title":"should return success even when email does not exist"},{"ancestorTitles":["Auth API","POST /api/v1/auth/reset-password"],"duration":2233,"failureDetails":[],"failureMessages":[],"fullName":"Auth API POST /api/v1/auth/reset-password should reset password with valid token","invocations":1,"location":null,"numPassingAsserts":4,"retryReasons":[],"status":"passed","title":"should reset password with valid token"},{"ancestorTitles":["Auth API","POST /api/v1/auth/reset-password"],"duration":263,"failureDetails":[],"failureMessages":[],"fullName":"Auth API POST /api/v1/auth/reset-password should fail with invalid token","invocations":1,"location":null,"numPassingAsserts":2,"retryReasons":[],"status":"passed","title":"should fail with invalid token"},{"ancestorTitles":["Auth API","POST /api/v1/auth/send-verification-email and /verify-email"],"duration":1133,"failureDetails":[],"failureMessages":[],"fullName":"Auth API POST /api/v1/auth/send-verification-email and /verify-email should create verification token","invocations":1,"location":null,"numPassingAsserts":4,"retryReasons":[],"status":"passed","title":"should create verification token"},{"ancestorTitles":["Auth API","POST /api/v1/auth/send-verification-email and /verify-email"],"duration":1186,"failureDetails":[],"failureMessages":[],"fullName":"Auth API POST /api/v1/auth/send-verification-email and /verify-email should verify email with valid token","invocations":1,"location":null,"numPassingAsserts":3,"retryReasons":[],"status":"passed","title":"should verify email with valid token"}],"endTime":1777974348077,"message":"","name":"D:\\SRC_Code\\Projects\\EXE_AnhDecor\\ProductExchange_Backend\\ProductExchange_Backend\\tests\\auth.test.js","startTime":1777974312245,"status":"passed","summary":""}],"wasInterrupted":false}
